[2023-11-14 05:34:24Z INFO HostContext] No proxy settings were found based on environmental variables (http_proxy/https_proxy/HTTP_PROXY/HTTPS_PROXY)
[2023-11-14 05:34:24Z INFO HostContext] Well known directory 'Bin': 'C:\Users\user\Desktop\aaa\actions-runner\bin'
[2023-11-14 05:34:24Z INFO HostContext] Well known directory 'Root': 'C:\Users\user\Desktop\aaa\actions-runner'
[2023-11-14 05:34:24Z INFO HostContext] Well known config file 'Credentials': 'C:\Users\user\Desktop\aaa\actions-runner\.credentials'
[2023-11-14 05:34:24Z INFO HostContext] Well known directory 'Bin': 'C:\Users\user\Desktop\aaa\actions-runner\bin'
[2023-11-14 05:34:24Z INFO HostContext] Well known directory 'Root': 'C:\Users\user\Desktop\aaa\actions-runner'
[2023-11-14 05:34:24Z INFO HostContext] Well known config file 'Runner': 'C:\Users\user\Desktop\aaa\actions-runner\.runner'
[2023-11-14 05:34:24Z INFO Listener] Runner is built for Windows (X64) - win-x64.
[2023-11-14 05:34:24Z INFO Listener] RuntimeInformation: Microsoft Windows 10.0.22621.
[2023-11-14 05:34:24Z INFO Listener] Version: 2.311.0
[2023-11-14 05:34:24Z INFO Listener] Commit: f5cff308c83746dddd726a9a28a1583872305aaa
[2023-11-14 05:34:24Z INFO Listener] Culture: en-001
[2023-11-14 05:34:24Z INFO Listener] UI Culture: en-US
[2023-11-14 05:34:24Z INFO HostContext] Well known directory 'Bin': 'C:\Users\user\Desktop\aaa\actions-runner\bin'
[2023-11-14 05:34:24Z INFO HostContext] Well known directory 'Root': 'C:\Users\user\Desktop\aaa\actions-runner'
[2023-11-14 05:34:24Z INFO Listener] Validating directory permissions for: 'C:\Users\user\Desktop\aaa\actions-runner'
[2023-11-14 05:34:24Z INFO CommandLineParser] Parse
[2023-11-14 05:34:24Z INFO CommandLineParser] Parsing 5 args
[2023-11-14 05:34:24Z INFO CommandLineParser] parsing argument
[2023-11-14 05:34:24Z INFO CommandLineParser] HasArgs: False
[2023-11-14 05:34:24Z INFO CommandLineParser] Adding Command: configure
[2023-11-14 05:34:24Z INFO CommandLineParser] parsing argument
[2023-11-14 05:34:24Z INFO CommandLineParser] HasArgs: True
[2023-11-14 05:34:24Z INFO CommandLineParser] arg: url
[2023-11-14 05:34:24Z INFO CommandLineParser] parsing argument
[2023-11-14 05:34:24Z INFO CommandLineParser] HasArgs: True
[2023-11-14 05:34:24Z INFO CommandLineParser] Adding option 'url': 'https://github.com/vyvananh/demo-test-1'
[2023-11-14 05:34:24Z INFO CommandLineParser] parsing argument
[2023-11-14 05:34:24Z INFO CommandLineParser] HasArgs: True
[2023-11-14 05:34:24Z INFO CommandLineParser] arg: token
[2023-11-14 05:34:24Z INFO CommandLineParser] parsing argument
[2023-11-14 05:34:24Z INFO CommandLineParser] HasArgs: True
[2023-11-14 05:34:24Z INFO CommandLineParser] Adding option 'token': '***'
[2023-11-14 05:34:24Z INFO Listener] Arguments parsed
[2023-11-14 05:34:25Z INFO Runner] ExecuteCommand
[2023-11-14 05:34:25Z INFO ConfigurationStore] currentAssemblyLocation: C:\Users\user\Desktop\aaa\actions-runner\bin\Runner.Listener.dll
[2023-11-14 05:34:25Z INFO HostContext] Well known directory 'Bin': 'C:\Users\user\Desktop\aaa\actions-runner\bin'
[2023-11-14 05:34:25Z INFO ConfigurationStore] binPath: C:\Users\user\Desktop\aaa\actions-runner\bin
[2023-11-14 05:34:25Z INFO HostContext] Well known directory 'Bin': 'C:\Users\user\Desktop\aaa\actions-runner\bin'
[2023-11-14 05:34:25Z INFO HostContext] Well known directory 'Root': 'C:\Users\user\Desktop\aaa\actions-runner'
[2023-11-14 05:34:25Z INFO ConfigurationStore] RootFolder: C:\Users\user\Desktop\aaa\actions-runner
[2023-11-14 05:34:25Z INFO HostContext] Well known directory 'Bin': 'C:\Users\user\Desktop\aaa\actions-runner\bin'
[2023-11-14 05:34:25Z INFO HostContext] Well known directory 'Root': 'C:\Users\user\Desktop\aaa\actions-runner'
[2023-11-14 05:34:25Z INFO HostContext] Well known config file 'Runner': 'C:\Users\user\Desktop\aaa\actions-runner\.runner'
[2023-11-14 05:34:25Z INFO ConfigurationStore] ConfigFilePath: C:\Users\user\Desktop\aaa\actions-runner\.runner
[2023-11-14 05:34:25Z INFO HostContext] Well known directory 'Bin': 'C:\Users\user\Desktop\aaa\actions-runner\bin'
[2023-11-14 05:34:25Z INFO HostContext] Well known directory 'Root': 'C:\Users\user\Desktop\aaa\actions-runner'
[2023-11-14 05:34:25Z INFO HostContext] Well known config file 'Credentials': 'C:\Users\user\Desktop\aaa\actions-runner\.credentials'
[2023-11-14 05:34:25Z INFO ConfigurationStore] CredFilePath: C:\Users\user\Desktop\aaa\actions-runner\.credentials
[2023-11-14 05:34:25Z INFO HostContext] Well known directory 'Bin': 'C:\Users\user\Desktop\aaa\actions-runner\bin'
[2023-11-14 05:34:25Z INFO HostContext] Well known directory 'Root': 'C:\Users\user\Desktop\aaa\actions-runner'
[2023-11-14 05:34:25Z INFO HostContext] Well known config file 'MigratedCredentials': 'C:\Users\user\Desktop\aaa\actions-runner\.credentials_migrated'
[2023-11-14 05:34:25Z INFO ConfigurationStore] MigratedCredFilePath: C:\Users\user\Desktop\aaa\actions-runner\.credentials_migrated
[2023-11-14 05:34:25Z INFO HostContext] Well known directory 'Bin': 'C:\Users\user\Desktop\aaa\actions-runner\bin'
[2023-11-14 05:34:25Z INFO HostContext] Well known directory 'Root': 'C:\Users\user\Desktop\aaa\actions-runner'
[2023-11-14 05:34:25Z INFO HostContext] Well known config file 'Service': 'C:\Users\user\Desktop\aaa\actions-runner\.service'
[2023-11-14 05:34:25Z INFO ConfigurationStore] ServiceConfigFilePath: C:\Users\user\Desktop\aaa\actions-runner\.service
[2023-11-14 05:34:25Z INFO CommandSettings] Flag 'help': 'False'
[2023-11-14 05:34:25Z INFO CommandSettings] Flag 'version': 'False'
[2023-11-14 05:34:25Z INFO CommandSettings] Flag 'commit': 'False'
[2023-11-14 05:34:25Z INFO CommandSettings] Flag 'check': 'False'
[2023-11-14 05:34:25Z INFO CommandSettings] Command 'configure': 'True'
[2023-11-14 05:34:25Z INFO Terminal] WRITE LINE: 
[2023-11-14 05:34:25Z INFO Terminal] WRITE LINE: --------------------------------------------------------------------------------
[2023-11-14 05:34:25Z INFO Terminal] WRITE LINE: |        ____ _ _   _   _       _          _        _   _                      |
[2023-11-14 05:34:25Z INFO Terminal] WRITE LINE: |       / ___(_) |_| | | |_   _| |__      / \   ___| |_(_) ___  _ __  ___      |
[2023-11-14 05:34:25Z INFO Terminal] WRITE LINE: |      | |  _| | __| |_| | | | | '_ \    / _ \ / __| __| |/ _ \| '_ \/ __|     |
[2023-11-14 05:34:25Z INFO Terminal] WRITE LINE: |      | |_| | | |_|  _  | |_| | |_) |  / ___ \ (__| |_| | (_) | | | \__ \     |
[2023-11-14 05:34:25Z INFO Terminal] WRITE LINE: |       \____|_|\__|_| |_|\__,_|_.__/  /_/   \_\___|\__|_|\___/|_| |_|___/     |
[2023-11-14 05:34:25Z INFO Terminal] WRITE LINE: |                                                                              |
[2023-11-14 05:34:25Z INFO Terminal] WRITE: |                       
[2023-11-14 05:34:25Z INFO Terminal] WRITE: Self-hosted runner registration
[2023-11-14 05:34:25Z INFO Terminal] WRITE LINE:                         |
[2023-11-14 05:34:25Z INFO Terminal] WRITE LINE: |                                                                              |
[2023-11-14 05:34:25Z INFO Terminal] WRITE LINE: --------------------------------------------------------------------------------
[2023-11-14 05:34:25Z INFO ConfigurationManager] ConfigureAsync
[2023-11-14 05:34:25Z INFO CommandSettings] Flag 'generateServiceConfig': 'False'
[2023-11-14 05:34:25Z INFO ConfigurationStore] IsConfigured()
[2023-11-14 05:34:25Z INFO ConfigurationStore] IsConfigured: False
[2023-11-14 05:34:25Z INFO ConfigurationManager] Is configured: False
[2023-11-14 05:34:25Z INFO CommandSettings] Arg 'url': 'https://github.com/vyvananh/demo-test-1'
[2023-11-14 05:34:25Z INFO CommandSettings] Remove url from Arg dictionary.
[2023-11-14 05:34:25Z INFO CommandSettings] Arg 'token': '***'
[2023-11-14 05:34:25Z INFO CommandSettings] Remove token from Arg dictionary.
[2023-11-14 05:34:26Z ERR  Terminal] WRITE ERROR: Http response code: NotFound from 'POST https://api.github.com/actions/runner-registration' (Request Id: FE2B:7AD7A:585DAD:5D7CC5:655306E1)
[2023-11-14 05:34:26Z ERR  Terminal] WRITE ERROR: {"message":"Not Found","documentation_url":"https://docs.github.com/rest"}
[2023-11-14 05:34:26Z ERR  Runner] System.Net.Http.HttpRequestException: Response status code does not indicate success: 404 (Not Found).
   at System.Net.Http.HttpResponseMessage.EnsureSuccessStatusCode()
   at GitHub.Runner.Listener.Configuration.ConfigurationManager.GetTenantCredential(String githubUrl, String githubToken, String runnerEvent)
   at GitHub.Runner.Listener.Configuration.ConfigurationManager.ConfigureAsync(CommandSettings command)
   at GitHub.Runner.Listener.Runner.ExecuteCommand(CommandSettings command)
[2023-11-14 05:34:26Z ERR  Terminal] WRITE ERROR: Response status code does not indicate success: 404 (Not Found).
[2023-11-14 05:34:26Z INFO Listener] Runner execution has finished with return code 1
